GAS LISTING /tmp/cc6iz6Fh.s 			page 1


   1              		.file	"syscall_cpp.cpp"
   2              		.option nopic
   3              		.option norelax
   4              		.attribute arch, "rv64i2p0_m2p0_a2p0"
   5              		.attribute unaligned_access, 0
   6              		.attribute stack_align, 16
   7              		.text
   8              	.Ltext0:
   9              	.Letext0:
  10              		.file 1 "src/../h/../lib/hw.h"
  11              		.file 2 "src/../h/syscall_c.hpp"
  12              		.file 3 "src/../h/syscall_cpp.hpp"
GAS LISTING /tmp/cc6iz6Fh.s 			page 2


DEFINED SYMBOLS
                            *ABS*:0000000000000000 syscall_cpp.cpp
     /tmp/cc6iz6Fh.s:328    .debug_abbrev:0000000000000000 .Ldebug_abbrev0
     /tmp/cc6iz6Fh.s:807    .debug_str:000000000000004e .LASF26
     /tmp/cc6iz6Fh.s:801    .debug_str:0000000000000016 .LASF27
     /tmp/cc6iz6Fh.s:867    .debug_str:00000000000002b3 .LASF28
     /tmp/cc6iz6Fh.s:795    .debug_line:0000000000000000 .Ldebug_line0
     /tmp/cc6iz6Fh.s:849    .debug_str:0000000000000244 .LASF0
     /tmp/cc6iz6Fh.s:837    .debug_str:00000000000001f6 .LASF1
     /tmp/cc6iz6Fh.s:829    .debug_str:00000000000001b1 .LASF2
     /tmp/cc6iz6Fh.s:811    .debug_str:0000000000000120 .LASF4
     /tmp/cc6iz6Fh.s:835    .debug_str:00000000000001e4 .LASF3
     /tmp/cc6iz6Fh.s:803    .debug_str:000000000000002a .LASF5
     /tmp/cc6iz6Fh.s:855    .debug_str:0000000000000265 .LASF6
     /tmp/cc6iz6Fh.s:875    .debug_str:00000000000002fd .LASF7
     /tmp/cc6iz6Fh.s:823    .debug_str:0000000000000188 .LASF8
     /tmp/cc6iz6Fh.s:857    .debug_str:000000000000026c .LASF9
     /tmp/cc6iz6Fh.s:809    .debug_str:0000000000000112 .LASF10
     /tmp/cc6iz6Fh.s:877    .debug_str:0000000000000310 .LASF11
     /tmp/cc6iz6Fh.s:825    .debug_str:000000000000019b .LASF12
     /tmp/cc6iz6Fh.s:871    .debug_str:00000000000002e7 .LASF13
     /tmp/cc6iz6Fh.s:863    .debug_str:000000000000029b .LASF14
     /tmp/cc6iz6Fh.s:839    .debug_str:0000000000000209 .LASF15
     /tmp/cc6iz6Fh.s:817    .debug_str:000000000000014a .LASF16
     /tmp/cc6iz6Fh.s:859    .debug_str:000000000000027c .LASF17
     /tmp/cc6iz6Fh.s:865    .debug_str:00000000000002ab .LASF29
     /tmp/cc6iz6Fh.s:861    .debug_str:0000000000000292 .LASF18
     /tmp/cc6iz6Fh.s:827    .debug_str:00000000000001aa .LASF19
     /tmp/cc6iz6Fh.s:797    .debug_str:0000000000000000 .LASF30
     /tmp/cc6iz6Fh.s:819    .debug_str:0000000000000160 .LASF21
     /tmp/cc6iz6Fh.s:841    .debug_str:0000000000000215 .LASF31
     /tmp/cc6iz6Fh.s:847    .debug_str:0000000000000235 .LASF32
     /tmp/cc6iz6Fh.s:851    .debug_str:0000000000000251 .LASF33
     /tmp/cc6iz6Fh.s:815    .debug_str:0000000000000137 .LASF34
     /tmp/cc6iz6Fh.s:799    .debug_str:000000000000000d .LASF35
     /tmp/cc6iz6Fh.s:831    .debug_str:00000000000001bf .LASF36
     /tmp/cc6iz6Fh.s:873    .debug_str:00000000000002f7 .LASF20
     /tmp/cc6iz6Fh.s:845    .debug_str:0000000000000222 .LASF22
     /tmp/cc6iz6Fh.s:833    .debug_str:00000000000001d5 .LASF23
     /tmp/cc6iz6Fh.s:821    .debug_str:0000000000000177 .LASF37
     /tmp/cc6iz6Fh.s:853    .debug_str:0000000000000257 .LASF38
     /tmp/cc6iz6Fh.s:805    .debug_str:0000000000000031 .LASF39
     /tmp/cc6iz6Fh.s:869    .debug_str:00000000000002de .LASF24
     /tmp/cc6iz6Fh.s:843    .debug_str:000000000000021d .LASF25
     /tmp/cc6iz6Fh.s:813    .debug_str:0000000000000127 .LASF40
     /tmp/cc6iz6Fh.s:14     .debug_info:0000000000000000 .Ldebug_info0

NO UNDEFINED SYMBOLS
